#
# A fatal error has been detected by the Java Runtime Environment:
#
#  Internal Error (synchronizer.cpp:1430), pid=5076, tid=11292
#  guarantee(mid->header()->is_neutral()) failed: invariant
#
# JRE version: Java(TM) SE Runtime Environment (8.0_45-b14) (build 1.8.0_45-b14)
# Java VM: Java HotSpot(TM) Client VM (25.45-b02 mixed mode windows-x86 )
# Failed to write core dump. Minidumps are not enabled by default on client versions of Windows
#
# If you would like to submit a bug report, please visit:
#   http://bugreport.java.com/bugreport/crash.jsp
#

---------------  T H R E A D  ---------------

Current thread (0x00433400):  VMThread [stack: 0x14810000,0x14860000] [id=11292]

Stack: [0x14810000,0x14860000],  sp=0x1485f458,  free space=317k
Native frames: (J=compiled Java code, j=interpreted, Vv=VM code, C=native code)
V  [jvm.dll+0x1a4f8b]
V  [jvm.dll+0x19d805]
V  [jvm.dll+0x171adf]
V  [jvm.dll+0x171e93]
V  [jvm.dll+0x165190]
V  [jvm.dll+0x1664c0]
V  [jvm.dll+0x17d995]
V  [jvm.dll+0x17dba2]
V  [jvm.dll+0x1bd6e6]
C  [msvcr100.dll+0x5c556]
C  [msvcr100.dll+0x5c600]
C  [kernel32.dll+0x1337a]
C  [ntdll.dll+0x39882]
C  [ntdll.dll+0x39855]

VM_Operation (0x048f31c8): GenCollectForAllocation, mode: safepoint, requested by thread 0x008de800


---------------  P R O C E S S  ---------------

Java Threads: ( => current thread )
  0x14a8d400 JavaThread "Service Thread" daemon [_thread_blocked, id=11112, stack(0x15450000,0x154a0000)]
  0x14a5ec00 JavaThread "C1 CompilerThread0" daemon [_thread_blocked, id=12864, stack(0x15240000,0x15290000)]
  0x14a58c00 JavaThread "JDWP Command Reader" daemon [_thread_in_native, id=11696, stack(0x15340000,0x15390000)]
  0x14a57c00 JavaThread "JDWP Event Helper Thread" daemon [_thread_blocked, id=6960, stack(0x152a0000,0x152f0000)]
  0x14a55000 JavaThread "JDWP Transport Listener: dt_socket" daemon [_thread_blocked, id=7192, stack(0x15060000,0x150b0000)]
  0x0045ec00 JavaThread "Attach Listener" daemon [_thread_blocked, id=11380, stack(0x14870000,0x148c0000)]
  0x0045bc00 JavaThread "Signal Dispatcher" daemon [_thread_blocked, id=14036, stack(0x14d00000,0x14d50000)]
  0x00443c00 JavaThread "Finalizer" daemon [_thread_blocked, id=13548, stack(0x14c10000,0x14c60000)]
  0x00437400 JavaThread "Reference Handler" daemon [_thread_blocked, id=12004, stack(0x012e0000,0x01330000)]
  0x008de800 JavaThread "main" [_thread_blocked, id=10216, stack(0x00810000,0x00860000)]

Other Threads:
=>0x00433400 VMThread [stack: 0x14810000,0x14860000] [id=11292]
  0x14a8e800 WatcherThread [stack: 0x15530000,0x15580000] [id=6848]

VM state:at safepoint (normal execution)

VM Mutex/Monitor currently owned by a thread:  ([mutex/lock_event])
[0x008dc6e0] Safepoint_lock - owner thread: 0x00433400
[0x008dc748] Threads_lock - owner thread: 0x00433400
[0x008dcb58] Heap_lock - owner thread: 0x008de800

Heap:
 def new generation   total 4928K, used 4416K [0x04800000, 0x04d50000, 0x09d50000)
  eden space 4416K, 100% used [0x04800000, 0x04c50000, 0x04c50000)
  from space 512K,   0% used [0x04c50000, 0x04c50000, 0x04cd0000)
  to   space 512K,   0% used [0x04cd0000, 0x04cd0000, 0x04d50000)
 tenured generation   total 10944K, used 0K [0x09d50000, 0x0a800000, 0x14800000)
   the space 10944K,   0% used [0x09d50000, 0x09d50000, 0x09d50200, 0x0a800000)
 Metaspace       used 1746K, capacity 2312K, committed 2368K, reserved 4480K

Card table byte_map: [0x00c30000,0x00cc0000] byte_map_base: 0x00c0c000

Polling page: 0x000a0000

CodeCache: size=32768Kb used=674Kb max_used=674Kb free=32093Kb
 bounds [0x02800000, 0x028b0000, 0x04800000]
 total_blobs=153 nmethods=22 adapters=71
 compilation: enabled

Compilation events (10 events):
Event: 178.336 Thread 0x14a5ec00   17  s          java.lang.Throwable::fillInStackTrace (29 bytes)
Event: 178.336 Thread 0x14a5ec00 nmethod 17 0x028a7988 code [0x028a7a90, 0x028a7c9c]
Event: 178.336 Thread 0x14a5ec00   19             java.lang.IllegalMonitorStateException::<init> (5 bytes)
Event: 178.336 Thread 0x14a5ec00 nmethod 19 0x028a7d48 code [0x028a7e40, 0x028a7edc]
Event: 178.336 Thread 0x14a5ec00   20             java.lang.RuntimeException::<init> (5 bytes)
Event: 178.336 Thread 0x14a5ec00 nmethod 20 0x028a7f48 code [0x028a8050, 0x028a811c]
Event: 178.336 Thread 0x14a5ec00   21             java.lang.Exception::<init> (5 bytes)
Event: 178.337 Thread 0x14a5ec00 nmethod 21 0x028a81c8 code [0x028a82e0, 0x028a856c]
Event: 178.337 Thread 0x14a5ec00   22             java.lang.Throwable::<init> (29 bytes)
Event: 178.337 Thread 0x14a5ec00 nmethod 22 0x028a8688 code [0x028a87a0, 0x028a8a2c]

GC Heap History (0 events):
No events

Deoptimization events (0 events):
No events

Internal exceptions (10 events):
Event: 178.391 Thread 0x008de800 Exception <a 'java/lang/IllegalMonitorStateException'> (0x04c4eed0) thrown at [C:\re\workspace\8-2-build-windows-i586-cygwin\jdk8u45\3457\hotspot\src\share\vm\interpreter\interpreterRuntime.cpp, line 635]
Event: 178.391 Thread 0x008de800 Exception <a 'java/lang/IllegalMonitorStateException'> (0x04c4f080) thrown at [C:\re\workspace\8-2-build-windows-i586-cygwin\jdk8u45\3457\hotspot\src\share\vm\interpreter\interpreterRuntime.cpp, line 635]
Event: 178.391 Thread 0x008de800 Exception <a 'java/lang/IllegalMonitorStateException'> (0x04c4f230) thrown at [C:\re\workspace\8-2-build-windows-i586-cygwin\jdk8u45\3457\hotspot\src\share\vm\interpreter\interpreterRuntime.cpp, line 635]
Event: 178.391 Thread 0x008de800 Exception <a 'java/lang/IllegalMonitorStateException'> (0x04c4f3e0) thrown at [C:\re\workspace\8-2-build-windows-i586-cygwin\jdk8u45\3457\hotspot\src\share\vm\interpreter\interpreterRuntime.cpp, line 635]
Event: 178.391 Thread 0x008de800 Exception <a 'java/lang/IllegalMonitorStateException'> (0x04c4f590) thrown at [C:\re\workspace\8-2-build-windows-i586-cygwin\jdk8u45\3457\hotspot\src\share\vm\interpreter\interpreterRuntime.cpp, line 635]
Event: 178.391 Thread 0x008de800 Exception <a 'java/lang/IllegalMonitorStateException'> (0x04c4f740) thrown at [C:\re\workspace\8-2-build-windows-i586-cygwin\jdk8u45\3457\hotspot\src\share\vm\interpreter\interpreterRuntime.cpp, line 635]
Event: 178.391 Thread 0x008de800 Exception <a 'java/lang/IllegalMonitorStateException'> (0x04c4f8f0) thrown at [C:\re\workspace\8-2-build-windows-i586-cygwin\jdk8u45\3457\hotspot\src\share\vm\interpreter\interpreterRuntime.cpp, line 635]
Event: 178.391 Thread 0x008de800 Exception <a 'java/lang/IllegalMonitorStateException'> (0x04c4faa0) thrown at [C:\re\workspace\8-2-build-windows-i586-cygwin\jdk8u45\3457\hotspot\src\share\vm\interpreter\interpreterRuntime.cpp, line 635]
Event: 178.391 Thread 0x008de800 Exception <a 'java/lang/IllegalMonitorStateException'> (0x04c4fc50) thrown at [C:\re\workspace\8-2-build-windows-i586-cygwin\jdk8u45\3457\hotspot\src\share\vm\interpreter\interpreterRuntime.cpp, line 635]
Event: 178.391 Thread 0x008de800 Exception <a 'java/lang/IllegalMonitorStateException'> (0x04c4fe00) thrown at [C:\re\workspace\8-2-build-windows-i586-cygwin\jdk8u45\3457\hotspot\src\share\vm\interpreter\interpreterRuntime.cpp, line 635]

Events (10 events):
Event: 170.575 Executing VM operation: GetOrSetLocal done
Event: 170.575 Executing VM operation: GetOrSetLocal
Event: 170.575 Executing VM operation: GetOrSetLocal done
Event: 170.576 Executing VM operation: GetOrSetLocal
Event: 170.576 Executing VM operation: GetOrSetLocal done
Event: 170.577 Executing VM operation: GetOrSetLocal
Event: 170.577 Executing VM operation: GetOrSetLocal done
Event: 173.888 Executing VM operation: ChangeBreakpoints
Event: 173.888 Executing VM operation: ChangeBreakpoints done
Event: 178.391 Executing VM operation: GenCollectForAllocation


Dynamic libraries:
0x013c0000 - 0x013f3000 	C:\Program Files (x86)\Java\jdk1.8.0_45\bin\javaw.exe
0x776e0000 - 0x77860000 	C:\Windows\SysWOW64\ntdll.dll
0x76c00000 - 0x76d10000 	C:\Windows\syswow64\kernel32.dll
0x76bb0000 - 0x76bf7000 	C:\Windows\syswow64\KERNELBASE.dll
0x758a0000 - 0x75941000 	C:\Windows\syswow64\ADVAPI32.dll
0x74da0000 - 0x74e4c000 	C:\Windows\syswow64\msvcrt.dll
0x751b0000 - 0x751c9000 	C:\Windows\SysWOW64\sechost.dll
0x757b0000 - 0x758a0000 	C:\Windows\syswow64\RPCRT4.dll
0x74bb0000 - 0x74c10000 	C:\Windows\syswow64\SspiCli.dll
0x74ba0000 - 0x74bac000 	C:\Windows\syswow64\CRYPTBASE.dll
0x75e40000 - 0x75f40000 	C:\Windows\syswow64\USER32.dll
0x76f90000 - 0x77020000 	C:\Windows\syswow64\GDI32.dll
0x75e30000 - 0x75e3a000 	C:\Windows\syswow64\LPK.dll
0x76ef0000 - 0x76f8d000 	C:\Windows\syswow64\USP10.dll
0x734e0000 - 0x7367e000 	C:\Windows\WinSxS\x86_microsoft.windows.common-controls_6595b64144ccf1df_6.0.7601.18837_none_41e855142bd5705d\COMCTL32.dll
0x75b70000 - 0x75bc7000 	C:\Windows\syswow64\SHLWAPI.dll
0x74e80000 - 0x74ee0000 	C:\Windows\system32\IMM32.DLL
0x756e0000 - 0x757ac000 	C:\Windows\syswow64\MSCTF.dll
0x669c0000 - 0x66a7f000 	C:\Program Files (x86)\Java\jdk1.8.0_45\jre\bin\msvcr100.dll
0x5c7d0000 - 0x5cb90000 	C:\Program Files (x86)\Java\jdk1.8.0_45\jre\bin\client\jvm.dll
0x656d0000 - 0x656d7000 	C:\Windows\system32\WSOCK32.dll
0x74c20000 - 0x74c55000 	C:\Windows\syswow64\WS2_32.dll
0x76d10000 - 0x76d16000 	C:\Windows\syswow64\NSI.dll
0x756a0000 - 0x756d2000 	C:\Windows\syswow64\WINMM.dll
0x74a10000 - 0x74a19000 	C:\Windows\system32\VERSION.dll
0x75610000 - 0x75615000 	C:\Windows\syswow64\PSAPI.DLL
0x64d50000 - 0x64d5c000 	C:\Program Files (x86)\Java\jdk1.8.0_45\jre\bin\verify.dll
0x64d20000 - 0x64d41000 	C:\Program Files (x86)\Java\jdk1.8.0_45\jre\bin\java.dll
0x72180000 - 0x721a9000 	C:\Program Files (x86)\Java\jdk1.8.0_45\jre\bin\jdwp.dll
0x725e0000 - 0x725e7000 	C:\Program Files (x86)\Java\jdk1.8.0_45\jre\bin\npt.dll
0x64d00000 - 0x64d13000 	C:\Program Files (x86)\Java\jdk1.8.0_45\jre\bin\zip.dll
0x75f60000 - 0x76bab000 	C:\Windows\syswow64\SHELL32.dll
0x77040000 - 0x7719c000 	C:\Windows\syswow64\ole32.dll
0x74cf0000 - 0x74cfb000 	C:\Windows\syswow64\profapi.dll
0x72600000 - 0x72608000 	C:\Program Files (x86)\Java\jdk1.8.0_45\jre\bin\dt_socket.dll
0x745b0000 - 0x745c0000 	C:\Windows\system32\NLAapi.dll
0x745a0000 - 0x745b0000 	C:\Windows\system32\napinsp.dll
0x74580000 - 0x74592000 	C:\Windows\system32\pnrpnsp.dll
0x74540000 - 0x7457c000 	C:\Windows\System32\mswsock.dll
0x744f0000 - 0x74534000 	C:\Windows\system32\DNSAPI.dll
0x744e0000 - 0x744e8000 	C:\Windows\System32\winrnr.dll
0x74990000 - 0x749ac000 	C:\Windows\system32\IPHLPAPI.DLL
0x74980000 - 0x74987000 	C:\Windows\system32\WINNSI.DLL
0x743c0000 - 0x743f8000 	C:\Windows\System32\fwpuclnt.dll
0x743b0000 - 0x743b6000 	C:\Windows\system32\rasadhlp.dll
0x74470000 - 0x74475000 	C:\Windows\System32\wshtcpip.dll
0x73860000 - 0x7394b000 	C:\Windows\system32\dbghelp.dll

VM Arguments:
jvm_args: -agentlib:jdwp=transport=dt_socket,suspend=y,address=localhost:10734 -Dfile.encoding=UTF-8 
java_command: com.cyb.utils.Test
java_class_path (initial): C:\Users\WEIBO\workspace\BackServer\target\classes;C:\Users\WEIBO\workspace\BackServer\src\main\webapp\WEB-INF\lib\spring-jdbc-3.2.5.RELEASE.jar;C:\Users\WEIBO\workspace\BackServer\src\main\webapp\WEB-INF\lib\commons-dbcp-1.2.jar;C:\Users\WEIBO\workspace\BackServer\src\main\webapp\WEB-INF\lib\commons-pool-1.2.jar;C:\Users\WEIBO\workspace\BackServer\src\main\webapp\WEB-INF\lib\spring-tx-3.2.5.RELEASE.jar;C:\Users\WEIBO\workspace\BackServer\src\main\webapp\WEB-INF\lib\filterbuilder.jar;C:\Users\WEIBO\workspace\BackServer\src\main\webapp\WEB-INF\lib\h2-1.3.171.jar;C:\Users\WEIBO\workspace\BackServer\src\main\webapp\WEB-INF\lib\htmllexer.jar;C:\Users\WEIBO\workspace\BackServer\src\main\webapp\WEB-INF\lib\htmlparser.jar;C:\Users\WEIBO\workspace\BackServer\src\main\webapp\WEB-INF\lib\sitecapturer.jar;C:\Users\WEIBO\workspace\BackServer\src\main\webapp\WEB-INF\lib\thumbelina.jar;C:\Users\DHUser\.m2\repository\org\springframework\spring-core\4.0.1.RELEASE\spring-core-4.0.1.RELEASE.jar;C:\Users\DHUser\.m2\repository\commons-logging\commons-logging\1.1.1\commons-logging-1.1.1.jar;C:\Users\DHUser\.m2\repository\org\springframework\spring-web\4.0.1.RELEASE\spring-web-4.0.1.RELEASE.jar;C:\Users\DHUser\.m2\repository\org\springframework\spring-aop\4.0.1.RELEASE\spring-aop-4.0.1.RELEASE.jar;C:\Users\DHUser\.m2\repository\aopalliance\aopalliance\1.0\aopalliance-1.0.jar;C:\Users\DHUser\.m2\repository\org\springframework\spring-beans\4.0.1.RELEASE\spring-beans-4.0.1.RELEASE.jar;C:\Users\DHUser\.m2\repository\org\springframework\spring-context\4.0.1.RELEASE\spring-context-4.0.1.RELEASE.jar;C:\Users\DHUser\.m2\repository\org\springframework\spring-webmvc\4.0.1.RELEASE\spring-webmvc-4.0.1.RELEASE.jar;C:\Users\DHUser\.m2\repository\org\springframework\spring-expression\4.0.1.RELEASE\spring-expression-4.0.1.RELEASE.jar;C:\Users\DHUser\.m2\repository\javax\servlet\javax.servlet-api\3.0.1\javax.servlet-api-3.0.1.jar;C:\Users\DHUser\.m2\repository\com\fasterxml\j
Launcher Type: SUN_STANDARD

Environment Variables:
JAVA_HOME=C:\Program Files (x86)\Java\jdk1.8.0_45
PATH=C:\Program Files (x86)\Java\jdk1.8.0_45\jre\bin;C:/Program Files (x86)/Java/jdk1.8.0_45/bin/../jre/bin/client;C:/Program Files (x86)/Java/jdk1.8.0_45/bin/../jre/bin;C:/Program Files (x86)/Java/jdk1.8.0_45/bin/../jre/lib/i386;C:\Windows\system32;C:\Windows;C:\Windows\System32\Wbem;C:\Windows\System32\WindowsPowerShell\v1.0\;C:\Program Files (x86)\Common Files\ThinPrint\;C:\Program Files (x86)\Java\jdk1.8.0_45\bin;D:\chenyb\tools\android-sdk-windows\platform-tools;D:\chenyb\tools\apache-maven-3.0.4\bin;C:\Program Files\nodejs\;C:\Windows\system32\config\systemprofile\.dnx\bin;C:\Program Files\Microsoft DNX\Dnvm\;C:\Program Files\Microsoft SQL Server\120\Tools\Binn\;C:\Program Files (x86)\Windows Kits\8.1\Windows Performance Toolkit\;C:\Users\DHUser\.dnx\bin;C:\Users\DHUser\AppData\Roaming\npm;D:\chenyb\tools\eclipse;
USERNAME=DHUser
OS=Windows_NT
PROCESSOR_IDENTIFIER=Intel64 Family 6 Model 60 Stepping 3, GenuineIntel



---------------  S Y S T E M  ---------------

OS: Windows 7 , 64 bit Build 7601 (6.1.7601.19045)

CPU:total 4 (4 cores per cpu, 1 threads per core) family 6 model 60 stepping 3, cmov, cx8, fxsr, mmx, sse, sse2, sse3, ssse3, sse4.1, sse4.2, popcnt, avx, avx2, aes, clmul, erms, lzcnt, tsc, tscinvbit, bmi1, bmi2

Memory: 4k page, physical 4117028k(1093812k free), swap 8232220k(3169696k free)

vm_info: Java HotSpot(TM) Client VM (25.45-b02) for windows-x86 JRE (1.8.0_45-b14), built on Apr 10 2015 10:46:40 by "java_re" with MS VC++ 10.0 (VS2010)

time: Thu Jan 07 15:45:34 2016
elapsed time: 178 seconds (0d 0h 2m 58s)

